{"numFailedTestSuites":1,"numFailedTests":0,"numPassedTestSuites":0,"numPassedTests":0,"numPendingTestSuites":0,"numPendingTests":0,"numRuntimeErrorTestSuites":1,"numTodoTests":0,"numTotalTestSuites":1,"numTotalTests":0,"openHandles":[],"snapshot":{"added":0,"didUpdate":false,"failure":true,"filesAdded":0,"filesRemoved":1,"filesRemovedList":["E:\\Storybook-react\\taskbox\\src\\components\\__snapshots__\\storybook.test.js.snap"],"filesUnmatched":0,"filesUpdated":0,"matched":0,"total":0,"unchecked":0,"uncheckedKeysByFile":[],"unmatched":0,"updated":0},"startTime":1620224737664,"success":false,"testResults":[{"assertionResults":[],"coverage":{},"endTime":1620224762647,"message":"  \u001b[1m● \u001b[22mTest suite failed to run\n\n    SyntaxError: E:\\Storybook-react\\taskbox\\src\\components\\Button\\Button.test.js: Support for the experimental syntax 'jsx' isn't currently enabled (11:10):\n\n    \u001b[0m \u001b[90m  9 |\u001b[39m\u001b[0m\n    \u001b[0m \u001b[90m 10 |\u001b[39m it(\u001b[32m'renders the button in the primary state'\u001b[39m\u001b[33m,\u001b[39m () \u001b[33m=>\u001b[39m {\u001b[0m\n    \u001b[0m\u001b[31m\u001b[1m>\u001b[22m\u001b[39m\u001b[90m 11 |\u001b[39m   render(\u001b[33m<\u001b[39m\u001b[33mPrimary\u001b[39m {\u001b[33m...\u001b[39m\u001b[33mPrimary\u001b[39m\u001b[33m.\u001b[39margs} \u001b[33m/\u001b[39m\u001b[33m>\u001b[39m)\u001b[33m;\u001b[39m\u001b[0m\n    \u001b[0m \u001b[90m    |\u001b[39m          \u001b[31m\u001b[1m^\u001b[22m\u001b[39m\u001b[0m\n    \u001b[0m \u001b[90m 12 |\u001b[39m   expect(screen\u001b[33m.\u001b[39mgetByRole(\u001b[32m'button'\u001b[39m))\u001b[33m.\u001b[39mtoHaveTextContent(\u001b[32m'Primary'\u001b[39m)\u001b[33m;\u001b[39m\u001b[0m\n    \u001b[0m \u001b[90m 13 |\u001b[39m })\u001b[33m;\u001b[39m\u001b[0m\n\n    Add @babel/preset-react (https://git.io/JfeDR) to the 'presets' section of your Babel config to enable transformation.\n    If you want to leave it as-is, add @babel/plugin-syntax-jsx (https://git.io/vb4yA) to the 'plugins' section to enable parsing.\n\n      \u001b[2mat Parser._raise (\u001b[22mnode_modules/@babel/parser/src/parser/error.js\u001b[2m:134:45)\u001b[22m\n      \u001b[2mat Parser.raiseWithData (\u001b[22mnode_modules/@babel/parser/src/parser/error.js\u001b[2m:129:17)\u001b[22m\n      \u001b[2mat Parser.expectOnePlugin (\u001b[22mnode_modules/@babel/parser/src/parser/util.js\u001b[2m:191:18)\u001b[22m\n      \u001b[2mat Parser.parseExprAtom (\u001b[22mnode_modules/@babel/parser/src/parser/expression.js\u001b[2m:1208:18)\u001b[22m\n      \u001b[2mat Parser.parseExprSubscripts (\u001b[22mnode_modules/@babel/parser/src/parser/expression.js\u001b[2m:615:23)\u001b[22m\n      \u001b[2mat Parser.parseUpdate (\u001b[22mnode_modules/@babel/parser/src/parser/expression.js\u001b[2m:595:21)\u001b[22m\n      \u001b[2mat Parser.parseMaybeUnary (\u001b[22mnode_modules/@babel/parser/src/parser/expression.js\u001b[2m:562:23)\u001b[22m\n      \u001b[2mat Parser.parseExprOps (\u001b[22mnode_modules/@babel/parser/src/parser/expression.js\u001b[2m:366:23)\u001b[22m\n      \u001b[2mat Parser.parseMaybeConditional (\u001b[22mnode_modules/@babel/parser/src/parser/expression.js\u001b[2m:331:23)\u001b[22m\n      \u001b[2mat Parser.parseMaybeAssign (\u001b[22mnode_modules/@babel/parser/src/parser/expression.js\u001b[2m:286:21)\u001b[22m\n","name":"E:\\Storybook-react\\taskbox\\src\\components\\Button\\Button.test.js","startTime":1620224762647,"status":"failed","summary":""}],"wasInterrupted":false}